[debug] [2021-02-08T03:33:05.536Z] ----------------------------------------------------------------------
[debug] [2021-02-08T03:33:05.540Z] Command:       C:\Program Files\nodejs\node.exe C:\Users\kobin\AppData\Roaming\npm\node_modules\firebase-tools\lib\bin\firebase.js deploy
[debug] [2021-02-08T03:33:05.540Z] CLI Version:   9.3.0
[debug] [2021-02-08T03:33:05.541Z] Platform:      win32
[debug] [2021-02-08T03:33:05.541Z] Node Version:  v12.19.0
[debug] [2021-02-08T03:33:05.541Z] Time:          Sun Feb 07 2021 21:33:05 GMT-0600 (Central Standard Time)
[debug] [2021-02-08T03:33:05.542Z] ----------------------------------------------------------------------
[debug] [2021-02-08T03:33:05.542Z] 
[debug] [2021-02-08T03:33:05.555Z] > command requires scopes: ["email","openid","https://www.googleapis.com/auth/cloudplatformprojects.readonly","https://www.googleapis.com/auth/firebase","https://www.googleapis.com/auth/cloud-platform"]
[debug] [2021-02-08T03:33:05.556Z] > authorizing via signed-in user
[debug] [2021-02-08T03:33:05.557Z] [iam] checking project atbaypestcontrol-acd63 for permissions ["cloudfunctions.functions.create","cloudfunctions.functions.delete","cloudfunctions.functions.get","cloudfunctions.functions.list","cloudfunctions.functions.update","cloudfunctions.operations.get","firebase.projects.get"]
[debug] [2021-02-08T03:33:05.562Z] >>> HTTP REQUEST POST https://cloudresourcemanager.googleapis.com/v1/projects/atbaypestcontrol-acd63:testIamPermissions  
 {"permissions":["cloudfunctions.functions.create","cloudfunctions.functions.delete","cloudfunctions.functions.get","cloudfunctions.functions.list","cloudfunctions.functions.update","cloudfunctions.operations.get","firebase.projects.get"]}
[debug] [2021-02-08T03:33:05.810Z] <<< HTTP RESPONSE 200 {"content-type":"application/json; charset=UTF-8","vary":"X-Origin, Referer, Origin,Accept-Encoding","date":"Mon, 08 Feb 2021 03:33:06 GMT","server":"ESF","cache-control":"private","x-xss-protection":"0","x-frame-options":"SAMEORIGIN","x-content-type-options":"nosniff","server-timing":"gfet4t7; dur=116","alt-svc":"h3-29=\":443\"; ma=2592000,h3-T051=\":443\"; ma=2592000,h3-Q050=\":443\"; ma=2592000,h3-Q046=\":443\"; ma=2592000,h3-Q043=\":443\"; ma=2592000,quic=\":443\"; ma=2592000; v=\"46,43\"","accept-ranges":"none","transfer-encoding":"chunked"}
[debug] [2021-02-08T03:33:05.811Z] >>> HTTP REQUEST POST https://iam.googleapis.com/v1/projects/atbaypestcontrol-acd63/serviceAccounts/atbaypestcontrol-acd63@appspot.gserviceaccount.com:testIamPermissions  
 {"permissions":["iam.serviceAccounts.actAs"]}
[debug] [2021-02-08T03:33:05.975Z] <<< HTTP RESPONSE 200 {"content-type":"application/json; charset=UTF-8","vary":"X-Origin, Referer, Origin,Accept-Encoding","date":"Mon, 08 Feb 2021 03:33:07 GMT","server":"ESF","cache-control":"private","x-xss-protection":"0","x-frame-options":"SAMEORIGIN","x-content-type-options":"nosniff","alt-svc":"h3-29=\":443\"; ma=2592000,h3-T051=\":443\"; ma=2592000,h3-Q050=\":443\"; ma=2592000,h3-Q046=\":443\"; ma=2592000,h3-Q043=\":443\"; ma=2592000,quic=\":443\"; ma=2592000; v=\"46,43\"","accept-ranges":"none","transfer-encoding":"chunked"}
[info] 
[info] === Deploying to 'atbaypestcontrol-acd63'...
[info] 
[info] i  deploying functions 
[info] Running command: npm --prefix "$RESOURCE_DIR" run lint
[info] +  functions: Finished running predeploy script. 
[debug] [2021-02-08T03:33:21.803Z] > [functions] package.json contents: {
  "name": "functions",
  "description": "Cloud Functions for Firebase",
  "scripts": {
    "lint": "eslint .",
    "serve": "firebase emulators:start --only functions",
    "shell": "firebase functions:shell",
    "start": "npm run shell",
    "deploy": "firebase deploy --only functions",
    "logs": "firebase functions:log"
  },
  "engines": {
    "node": "12"
  },
  "main": "index.js",
  "dependencies": {
    "firebase-admin": "^9.2.0",
    "firebase-functions": "^3.13.1",
    "stripe": "^8.126.0"
  },
  "devDependencies": {
    "eslint": "^5.12.0",
    "eslint-plugin-promise": "^4.0.1",
    "firebase-functions-test": "^0.2.0"
  },
  "private": true
}
[info] i  functions: ensuring required API cloudfunctions.googleapis.com is enabled... 
[info] i  functions: ensuring required API cloudbuild.googleapis.com is enabled... 
[debug] [2021-02-08T03:33:26.113Z] >>> HTTP REQUEST GET https://serviceusage.googleapis.com/v1/projects/atbaypestcontrol-acd63/services/cloudfunctions.googleapis.com  
 
[debug] [2021-02-08T03:33:26.113Z] >>> HTTP REQUEST GET https://serviceusage.googleapis.com/v1/projects/atbaypestcontrol-acd63/services/runtimeconfig.googleapis.com  
 
[debug] [2021-02-08T03:33:26.114Z] >>> HTTP REQUEST GET https://serviceusage.googleapis.com/v1/projects/atbaypestcontrol-acd63/services/cloudbuild.googleapis.com  
 
[debug] [2021-02-08T03:33:26.824Z] <<< HTTP RESPONSE 200 {"content-type":"application/json; charset=UTF-8","vary":"X-Origin, Referer, Origin,Accept-Encoding","date":"Mon, 08 Feb 2021 03:33:27 GMT","server":"ESF","cache-control":"private","x-xss-protection":"0","x-frame-options":"SAMEORIGIN","x-content-type-options":"nosniff","alt-svc":"h3-29=\":443\"; ma=2592000,h3-T051=\":443\"; ma=2592000,h3-Q050=\":443\"; ma=2592000,h3-Q046=\":443\"; ma=2592000,h3-Q043=\":443\"; ma=2592000,quic=\":443\"; ma=2592000; v=\"46,43\"","accept-ranges":"none","transfer-encoding":"chunked"}
[debug] [2021-02-08T03:33:26.862Z] <<< HTTP RESPONSE 200 {"content-type":"application/json; charset=UTF-8","vary":"X-Origin, Referer, Origin,Accept-Encoding","date":"Mon, 08 Feb 2021 03:33:27 GMT","server":"ESF","cache-control":"private","x-xss-protection":"0","x-frame-options":"SAMEORIGIN","x-content-type-options":"nosniff","alt-svc":"h3-29=\":443\"; ma=2592000,h3-T051=\":443\"; ma=2592000,h3-Q050=\":443\"; ma=2592000,h3-Q046=\":443\"; ma=2592000,h3-Q043=\":443\"; ma=2592000,quic=\":443\"; ma=2592000; v=\"46,43\"","accept-ranges":"none","transfer-encoding":"chunked"}
[info] +  functions: required API cloudbuild.googleapis.com is enabled 
[debug] [2021-02-08T03:33:26.872Z] <<< HTTP RESPONSE 200 {"content-type":"application/json; charset=UTF-8","vary":"X-Origin, Referer, Origin,Accept-Encoding","date":"Mon, 08 Feb 2021 03:33:27 GMT","server":"ESF","cache-control":"private","x-xss-protection":"0","x-frame-options":"SAMEORIGIN","x-content-type-options":"nosniff","alt-svc":"h3-29=\":443\"; ma=2592000,h3-T051=\":443\"; ma=2592000,h3-Q050=\":443\"; ma=2592000,h3-Q046=\":443\"; ma=2592000,h3-Q043=\":443\"; ma=2592000,quic=\":443\"; ma=2592000; v=\"46,43\"","accept-ranges":"none","transfer-encoding":"chunked"}
[info] +  functions: required API cloudfunctions.googleapis.com is enabled 
[debug] [2021-02-08T03:33:26.874Z] >>> HTTP REQUEST GET https://firebase.googleapis.com/v1beta1/projects/atbaypestcontrol-acd63/adminSdkConfig  
 
[debug] [2021-02-08T03:33:27.399Z] <<< HTTP RESPONSE 200 {"content-type":"application/json; charset=UTF-8","vary":"X-Origin, Referer, Origin,Accept-Encoding","date":"Mon, 08 Feb 2021 03:33:28 GMT","server":"ESF","cache-control":"private","x-xss-protection":"0","x-frame-options":"SAMEORIGIN","x-content-type-options":"nosniff","alt-svc":"h3-29=\":443\"; ma=2592000,h3-T051=\":443\"; ma=2592000,h3-Q050=\":443\"; ma=2592000,h3-Q046=\":443\"; ma=2592000,h3-Q043=\":443\"; ma=2592000,quic=\":443\"; ma=2592000; v=\"46,43\"","accept-ranges":"none","transfer-encoding":"chunked"}
[info] i  functions: preparing functions directory for uploading... 
[debug] [2021-02-08T03:33:27.402Z] >>> HTTP REQUEST GET https://runtimeconfig.googleapis.com/v1beta1/projects/atbaypestcontrol-acd63/configs  
 
[debug] [2021-02-08T03:33:27.811Z] <<< HTTP RESPONSE 403 {"vary":"X-Origin, Referer, Origin,Accept-Encoding","content-type":"application/json; charset=UTF-8","date":"Mon, 08 Feb 2021 03:33:28 GMT","server":"ESF","cache-control":"private","x-xss-protection":"0","x-frame-options":"SAMEORIGIN","x-content-type-options":"nosniff","alt-svc":"h3-29=\":443\"; ma=2592000,h3-T051=\":443\"; ma=2592000,h3-Q050=\":443\"; ma=2592000,h3-Q046=\":443\"; ma=2592000,h3-Q043=\":443\"; ma=2592000,quic=\":443\"; ma=2592000; v=\"46,43\"","accept-ranges":"none","transfer-encoding":"chunked"}
[debug] [2021-02-08T03:33:27.811Z] <<< HTTP RESPONSE BODY {"error":{"code":403,"message":"Permission denied: Consumer 'project:atbaypestcontrol-acd63' has been suspended.","status":"PERMISSION_DENIED","details":[{"@type":"type.googleapis.com/google.rpc.ErrorInfo","reason":"CONSUMER_SUSPENDED","domain":"googleapis.com","metadata":{"service":"runtimeconfig.googleapis.com","consumer":"projects/atbaypestcontrol-acd63"}}]}}
[debug] [2021-02-08T03:33:27.813Z] FirebaseError: HTTP Error: 403, Permission denied: Consumer 'project:atbaypestcontrol-acd63' has been suspended.
[info] i  functions: packaged functions (38.44 KB) for uploading 
[debug] [2021-02-08T03:33:28.202Z] >>> HTTP REQUEST GET https://cloudfunctions.googleapis.com/v1/projects/atbaypestcontrol-acd63/locations/-/functions  
 
[debug] [2021-02-08T03:33:28.494Z] <<< HTTP RESPONSE 403 {"vary":"X-Origin, Referer, Origin,Accept-Encoding","content-type":"application/json; charset=UTF-8","date":"Mon, 08 Feb 2021 03:33:29 GMT","server":"ESF","cache-control":"private","x-xss-protection":"0","x-frame-options":"SAMEORIGIN","x-content-type-options":"nosniff","alt-svc":"h3-29=\":443\"; ma=2592000,h3-T051=\":443\"; ma=2592000,h3-Q050=\":443\"; ma=2592000,h3-Q046=\":443\"; ma=2592000,h3-Q043=\":443\"; ma=2592000,quic=\":443\"; ma=2592000; v=\"46,43\"","accept-ranges":"none","transfer-encoding":"chunked"}
[debug] [2021-02-08T03:33:28.495Z] <<< HTTP RESPONSE BODY {"error":{"code":403,"message":"Permission denied: Consumer 'project:atbaypestcontrol-acd63' has been suspended.","status":"PERMISSION_DENIED","details":[{"@type":"type.googleapis.com/google.rpc.ErrorInfo","reason":"CONSUMER_SUSPENDED","domain":"googleapis.com","metadata":{"consumer":"projects/atbaypestcontrol-acd63","service":"cloudfunctions"}}]}}
[debug] [2021-02-08T03:33:28.495Z] [functions] failed to list functions for atbaypestcontrol-acd63
[debug] [2021-02-08T03:33:28.495Z] [functions] HTTP Error: 403, Permission denied: Consumer 'project:atbaypestcontrol-acd63' has been suspended.
[debug] [2021-02-08T03:33:28.624Z] 
[error] 
[error] Error: An unexpected error has occurred.
[debug] [2021-02-08T03:33:55.833Z] ----------------------------------------------------------------------
[debug] [2021-02-08T03:33:55.836Z] Command:       C:\Program Files\nodejs\node.exe C:\Users\kobin\AppData\Roaming\npm\node_modules\firebase-tools\lib\bin\firebase.js deploy
[debug] [2021-02-08T03:33:55.836Z] CLI Version:   9.3.0
[debug] [2021-02-08T03:33:55.836Z] Platform:      win32
[debug] [2021-02-08T03:33:55.836Z] Node Version:  v12.19.0
[debug] [2021-02-08T03:33:55.837Z] Time:          Sun Feb 07 2021 21:33:55 GMT-0600 (Central Standard Time)
[debug] [2021-02-08T03:33:55.837Z] ----------------------------------------------------------------------
[debug] [2021-02-08T03:33:55.837Z] 
[debug] [2021-02-08T03:33:55.845Z] > command requires scopes: ["email","openid","https://www.googleapis.com/auth/cloudplatformprojects.readonly","https://www.googleapis.com/auth/firebase","https://www.googleapis.com/auth/cloud-platform"]
[debug] [2021-02-08T03:33:55.846Z] > authorizing via signed-in user
[debug] [2021-02-08T03:33:55.846Z] [iam] checking project atbaypestcontrol-acd63 for permissions ["cloudfunctions.functions.create","cloudfunctions.functions.delete","cloudfunctions.functions.get","cloudfunctions.functions.list","cloudfunctions.functions.update","cloudfunctions.operations.get","firebase.projects.get"]
[debug] [2021-02-08T03:33:55.849Z] >>> HTTP REQUEST POST https://cloudresourcemanager.googleapis.com/v1/projects/atbaypestcontrol-acd63:testIamPermissions  
 {"permissions":["cloudfunctions.functions.create","cloudfunctions.functions.delete","cloudfunctions.functions.get","cloudfunctions.functions.list","cloudfunctions.functions.update","cloudfunctions.operations.get","firebase.projects.get"]}
[debug] [2021-02-08T03:33:56.081Z] <<< HTTP RESPONSE 200 {"content-type":"application/json; charset=UTF-8","vary":"X-Origin, Referer, Origin,Accept-Encoding","date":"Mon, 08 Feb 2021 03:33:57 GMT","server":"ESF","cache-control":"private","x-xss-protection":"0","x-frame-options":"SAMEORIGIN","x-content-type-options":"nosniff","server-timing":"gfet4t7; dur=120","alt-svc":"h3-29=\":443\"; ma=2592000,h3-T051=\":443\"; ma=2592000,h3-Q050=\":443\"; ma=2592000,h3-Q046=\":443\"; ma=2592000,h3-Q043=\":443\"; ma=2592000,quic=\":443\"; ma=2592000; v=\"46,43\"","accept-ranges":"none","transfer-encoding":"chunked"}
[debug] [2021-02-08T03:33:56.083Z] >>> HTTP REQUEST POST https://iam.googleapis.com/v1/projects/atbaypestcontrol-acd63/serviceAccounts/atbaypestcontrol-acd63@appspot.gserviceaccount.com:testIamPermissions  
 {"permissions":["iam.serviceAccounts.actAs"]}
[debug] [2021-02-08T03:33:56.251Z] <<< HTTP RESPONSE 200 {"content-type":"application/json; charset=UTF-8","vary":"X-Origin, Referer, Origin,Accept-Encoding","date":"Mon, 08 Feb 2021 03:33:57 GMT","server":"ESF","cache-control":"private","x-xss-protection":"0","x-frame-options":"SAMEORIGIN","x-content-type-options":"nosniff","alt-svc":"h3-29=\":443\"; ma=2592000,h3-T051=\":443\"; ma=2592000,h3-Q050=\":443\"; ma=2592000,h3-Q046=\":443\"; ma=2592000,h3-Q043=\":443\"; ma=2592000,quic=\":443\"; ma=2592000; v=\"46,43\"","accept-ranges":"none","transfer-encoding":"chunked"}
[info] 
[info] === Deploying to 'atbaypestcontrol-acd63'...
[info] 
[info] i  deploying functions 
[info] Running command: npm --prefix "$RESOURCE_DIR" run lint
[info] +  functions: Finished running predeploy script. 
[debug] [2021-02-08T03:34:03.160Z] > [functions] package.json contents: {
  "name": "functions",
  "description": "Cloud Functions for Firebase",
  "scripts": {
    "lint": "eslint .",
    "serve": "firebase emulators:start --only functions",
    "shell": "firebase functions:shell",
    "start": "npm run shell",
    "deploy": "firebase deploy --only functions",
    "logs": "firebase functions:log"
  },
  "engines": {
    "node": "12"
  },
  "main": "index.js",
  "dependencies": {
    "firebase-admin": "^9.2.0",
    "firebase-functions": "^3.13.1",
    "stripe": "^8.126.0"
  },
  "devDependencies": {
    "eslint": "^5.12.0",
    "eslint-plugin-promise": "^4.0.1",
    "firebase-functions-test": "^0.2.0"
  },
  "private": true
}
[info] i  functions: ensuring required API cloudfunctions.googleapis.com is enabled... 
[info] i  functions: ensuring required API cloudbuild.googleapis.com is enabled... 
[debug] [2021-02-08T03:34:06.307Z] >>> HTTP REQUEST GET https://serviceusage.googleapis.com/v1/projects/atbaypestcontrol-acd63/services/cloudfunctions.googleapis.com  
 
[debug] [2021-02-08T03:34:06.308Z] >>> HTTP REQUEST GET https://serviceusage.googleapis.com/v1/projects/atbaypestcontrol-acd63/services/runtimeconfig.googleapis.com  
 
[debug] [2021-02-08T03:34:06.308Z] >>> HTTP REQUEST GET https://serviceusage.googleapis.com/v1/projects/atbaypestcontrol-acd63/services/cloudbuild.googleapis.com  
 
[debug] [2021-02-08T03:34:06.687Z] <<< HTTP RESPONSE 200 {"content-type":"application/json; charset=UTF-8","vary":"X-Origin, Referer, Origin,Accept-Encoding","date":"Mon, 08 Feb 2021 03:34:07 GMT","server":"ESF","cache-control":"private","x-xss-protection":"0","x-frame-options":"SAMEORIGIN","x-content-type-options":"nosniff","alt-svc":"h3-29=\":443\"; ma=2592000,h3-T051=\":443\"; ma=2592000,h3-Q050=\":443\"; ma=2592000,h3-Q046=\":443\"; ma=2592000,h3-Q043=\":443\"; ma=2592000,quic=\":443\"; ma=2592000; v=\"46,43\"","accept-ranges":"none","transfer-encoding":"chunked"}
[debug] [2021-02-08T03:34:06.699Z] <<< HTTP RESPONSE 200 {"content-type":"application/json; charset=UTF-8","vary":"X-Origin, Referer, Origin,Accept-Encoding","date":"Mon, 08 Feb 2021 03:34:07 GMT","server":"ESF","cache-control":"private","x-xss-protection":"0","x-frame-options":"SAMEORIGIN","x-content-type-options":"nosniff","alt-svc":"h3-29=\":443\"; ma=2592000,h3-T051=\":443\"; ma=2592000,h3-Q050=\":443\"; ma=2592000,h3-Q046=\":443\"; ma=2592000,h3-Q043=\":443\"; ma=2592000,quic=\":443\"; ma=2592000; v=\"46,43\"","accept-ranges":"none","transfer-encoding":"chunked"}
[info] +  functions: required API cloudbuild.googleapis.com is enabled 
[debug] [2021-02-08T03:34:06.716Z] <<< HTTP RESPONSE 200 {"content-type":"application/json; charset=UTF-8","vary":"X-Origin, Referer, Origin,Accept-Encoding","date":"Mon, 08 Feb 2021 03:34:07 GMT","server":"ESF","cache-control":"private","x-xss-protection":"0","x-frame-options":"SAMEORIGIN","x-content-type-options":"nosniff","alt-svc":"h3-29=\":443\"; ma=2592000,h3-T051=\":443\"; ma=2592000,h3-Q050=\":443\"; ma=2592000,h3-Q046=\":443\"; ma=2592000,h3-Q043=\":443\"; ma=2592000,quic=\":443\"; ma=2592000; v=\"46,43\"","accept-ranges":"none","transfer-encoding":"chunked"}
[info] +  functions: required API cloudfunctions.googleapis.com is enabled 
[debug] [2021-02-08T03:34:06.717Z] >>> HTTP REQUEST GET https://firebase.googleapis.com/v1beta1/projects/atbaypestcontrol-acd63/adminSdkConfig  
 
[debug] [2021-02-08T03:34:06.919Z] <<< HTTP RESPONSE 200 {"content-type":"application/json; charset=UTF-8","vary":"X-Origin, Referer, Origin,Accept-Encoding","date":"Mon, 08 Feb 2021 03:34:08 GMT","server":"ESF","cache-control":"private","x-xss-protection":"0","x-frame-options":"SAMEORIGIN","x-content-type-options":"nosniff","alt-svc":"h3-29=\":443\"; ma=2592000,h3-T051=\":443\"; ma=2592000,h3-Q050=\":443\"; ma=2592000,h3-Q046=\":443\"; ma=2592000,h3-Q043=\":443\"; ma=2592000,quic=\":443\"; ma=2592000; v=\"46,43\"","accept-ranges":"none","transfer-encoding":"chunked"}
[info] i  functions: preparing functions directory for uploading... 
[debug] [2021-02-08T03:34:06.920Z] >>> HTTP REQUEST GET https://runtimeconfig.googleapis.com/v1beta1/projects/atbaypestcontrol-acd63/configs  
 
[debug] [2021-02-08T03:34:07.130Z] <<< HTTP RESPONSE 403 {"vary":"X-Origin, Referer, Origin,Accept-Encoding","content-type":"application/json; charset=UTF-8","date":"Mon, 08 Feb 2021 03:34:08 GMT","server":"ESF","cache-control":"private","x-xss-protection":"0","x-frame-options":"SAMEORIGIN","x-content-type-options":"nosniff","alt-svc":"h3-29=\":443\"; ma=2592000,h3-T051=\":443\"; ma=2592000,h3-Q050=\":443\"; ma=2592000,h3-Q046=\":443\"; ma=2592000,h3-Q043=\":443\"; ma=2592000,quic=\":443\"; ma=2592000; v=\"46,43\"","accept-ranges":"none","transfer-encoding":"chunked"}
[debug] [2021-02-08T03:34:07.131Z] <<< HTTP RESPONSE BODY {"error":{"code":403,"message":"Permission denied: Consumer 'project:atbaypestcontrol-acd63' has been suspended.","status":"PERMISSION_DENIED","details":[{"@type":"type.googleapis.com/google.rpc.ErrorInfo","reason":"CONSUMER_SUSPENDED","domain":"googleapis.com","metadata":{"service":"runtimeconfig.googleapis.com","consumer":"projects/atbaypestcontrol-acd63"}}]}}
[debug] [2021-02-08T03:34:07.132Z] FirebaseError: HTTP Error: 403, Permission denied: Consumer 'project:atbaypestcontrol-acd63' has been suspended.
[info] i  functions: packaged functions (38.44 KB) for uploading 
[debug] [2021-02-08T03:34:07.372Z] >>> HTTP REQUEST GET https://cloudfunctions.googleapis.com/v1/projects/atbaypestcontrol-acd63/locations/-/functions  
 
[debug] [2021-02-08T03:34:07.633Z] <<< HTTP RESPONSE 403 {"vary":"X-Origin, Referer, Origin,Accept-Encoding","content-type":"application/json; charset=UTF-8","date":"Mon, 08 Feb 2021 03:34:08 GMT","server":"ESF","cache-control":"private","x-xss-protection":"0","x-frame-options":"SAMEORIGIN","x-content-type-options":"nosniff","alt-svc":"h3-29=\":443\"; ma=2592000,h3-T051=\":443\"; ma=2592000,h3-Q050=\":443\"; ma=2592000,h3-Q046=\":443\"; ma=2592000,h3-Q043=\":443\"; ma=2592000,quic=\":443\"; ma=2592000; v=\"46,43\"","accept-ranges":"none","transfer-encoding":"chunked"}
[debug] [2021-02-08T03:34:07.633Z] <<< HTTP RESPONSE BODY {"error":{"code":403,"message":"Permission denied: Consumer 'project:atbaypestcontrol-acd63' has been suspended.","status":"PERMISSION_DENIED","details":[{"@type":"type.googleapis.com/google.rpc.ErrorInfo","reason":"CONSUMER_SUSPENDED","domain":"googleapis.com","metadata":{"service":"cloudfunctions","consumer":"projects/atbaypestcontrol-acd63"}}]}}
[debug] [2021-02-08T03:34:07.634Z] [functions] failed to list functions for atbaypestcontrol-acd63
[debug] [2021-02-08T03:34:07.634Z] [functions] HTTP Error: 403, Permission denied: Consumer 'project:atbaypestcontrol-acd63' has been suspended.
[debug] [2021-02-08T03:34:07.746Z] 
[error] 
[error] Error: An unexpected error has occurred.
